<?xml version="1.0" encoding="UTF-8"?>
<testsuite name="com.paloma.product_manager.ProductManagerApplicationTests" tests="1" skipped="0" failures="0" errors="0" timestamp="2024-07-02T17:57:08" hostname="DESKTOP-1G6E6NJ" time="1.383">
  <properties/>
  <testcase name="contextLoads()" classname="com.paloma.product_manager.ProductManagerApplicationTests" time="1.383"/>
  <system-out><![CDATA[14:56:35.798 [Test worker] INFO org.springframework.test.context.support.AnnotationConfigContextLoaderUtils -- Could not detect default configuration classes for test class [com.paloma.product_manager.ProductManagerApplicationTests]: ProductManagerApplicationTests does not declare any static, non-private, non-final, nested classes annotated with @Configuration.
14:56:36.451 [Test worker] INFO org.springframework.boot.test.context.SpringBootTestContextBootstrapper -- Found @SpringBootConfiguration com.paloma.product_manager.ProductManagerApplication for test class com.paloma.product_manager.ProductManagerApplicationTests

  .   ____          _            __ _ _
 /\\ / ___'_ __ _ _(_)_ __  __ _ \ \ \ \
( ( )\___ | '_ | '_| | '_ \/ _` | \ \ \ \
 \\/  ___)| |_)| | | | | || (_| |  ) ) ) )
  '  |____| .__|_| |_|_| |_\__, | / / / /
 =========|_|==============|___/=/_/_/_/

 :: Spring Boot ::                (v3.3.1)

2024-07-02T14:56:39.605-03:00  INFO 11800 --- [product-manager] [    Test worker] c.p.p.ProductManagerApplicationTests     : Starting ProductManagerApplicationTests using Java 22.0.1 with PID 11800 (started by Paloma in C:\ws\product-manager-exercicio-4)
2024-07-02T14:56:39.608-03:00  INFO 11800 --- [product-manager] [    Test worker] c.p.p.ProductManagerApplicationTests     : No active profile set, falling back to 1 default profile: "default"
2024-07-02T14:56:43.439-03:00  INFO 11800 --- [product-manager] [    Test worker] .s.d.r.c.RepositoryConfigurationDelegate : Bootstrapping Spring Data JPA repositories in DEFAULT mode.
2024-07-02T14:56:43.710-03:00  INFO 11800 --- [product-manager] [    Test worker] .s.d.r.c.RepositoryConfigurationDelegate : Finished Spring Data repository scanning in 241 ms. Found 1 JPA repository interface.
2024-07-02T14:56:46.756-03:00  INFO 11800 --- [product-manager] [    Test worker] com.zaxxer.hikari.HikariDataSource       : HikariPool-1 - Starting...
2024-07-02T14:56:48.665-03:00  INFO 11800 --- [product-manager] [    Test worker] com.zaxxer.hikari.pool.HikariPool        : HikariPool-1 - Added connection conn0: url=jdbc:h2:mem:testdb user=SA
2024-07-02T14:56:48.672-03:00  INFO 11800 --- [product-manager] [    Test worker] com.zaxxer.hikari.HikariDataSource       : HikariPool-1 - Start completed.
2024-07-02T14:56:49.791-03:00  INFO 11800 --- [product-manager] [    Test worker] o.hibernate.jpa.internal.util.LogHelper  : HHH000204: Processing PersistenceUnitInfo [name: default]
2024-07-02T14:56:50.508-03:00  INFO 11800 --- [product-manager] [    Test worker] org.hibernate.Version                    : HHH000412: Hibernate ORM core version 6.5.2.Final
2024-07-02T14:56:50.804-03:00  INFO 11800 --- [product-manager] [    Test worker] o.h.c.internal.RegionFactoryInitiator    : HHH000026: Second-level cache disabled
2024-07-02T14:56:54.350-03:00  INFO 11800 --- [product-manager] [    Test worker] o.s.o.j.p.SpringPersistenceUnitInfo      : No LoadTimeWeaver setup: ignoring JPA class transformer
2024-07-02T14:56:59.386-03:00  INFO 11800 --- [product-manager] [    Test worker] o.h.e.t.j.p.i.JtaPlatformInitiator       : HHH000489: No JTA platform available (set 'hibernate.transaction.jta.platform' to enable JTA platform integration)
2024-07-02T14:56:59.474-03:00  INFO 11800 --- [product-manager] [    Test worker] j.LocalContainerEntityManagerFactoryBean : Initialized JPA EntityManagerFactory for persistence unit 'default'
2024-07-02T14:57:02.391-03:00  WARN 11800 --- [product-manager] [    Test worker] JpaBaseConfiguration$JpaWebConfiguration : spring.jpa.open-in-view is enabled by default. Therefore, database queries may be performed during view rendering. Explicitly configure spring.jpa.open-in-view to disable this warning
2024-07-02T14:57:04.148-03:00  INFO 11800 --- [product-manager] [    Test worker] o.s.b.a.h2.H2ConsoleAutoConfiguration    : H2 console available at '/h2-console'. Database available at 'jdbc:h2:mem:testdb'
2024-07-02T14:57:04.523-03:00  INFO 11800 --- [product-manager] [    Test worker] o.s.a.r.c.CachingConnectionFactory       : Attempting to connect to: [beaver.rmq.cloudamqp.com:5671]
2024-07-02T14:57:06.684-03:00  INFO 11800 --- [product-manager] [    Test worker] o.s.a.r.c.CachingConnectionFactory       : Created new connection: rabbitConnectionFactory#23d5ada9:0/SimpleConnection@14e486d7 [delegate=amqp://acpyrqtl@35.85.123.167:5671/acpyrqtl, localPort=57357]
2024-07-02T14:57:08.132-03:00  INFO 11800 --- [product-manager] [    Test worker] c.p.p.ProductManagerApplicationTests     : Started ProductManagerApplicationTests in 30.432 seconds (process running for 39.025)
]]></system-out>
  <system-err><![CDATA[WARNING: A Java agent has been loaded dynamically (C:\Users\Paloma\.gradle\caches\modules-2\files-2.1\net.bytebuddy\byte-buddy-agent\1.14.17\e3c251a39dc90badaf71c83427ba46840f219d8d\byte-buddy-agent-1.14.17.jar)
WARNING: If a serviceability tool is in use, please run with -XX:+EnableDynamicAgentLoading to hide this warning
WARNING: If a serviceability tool is not in use, please run with -Djdk.instrument.traceUsage for more information
WARNING: Dynamic loading of agents will be disallowed by default in a future release
]]></system-err>
</testsuite>
