<?xml version="1.0" encoding="UTF-8"?>
<testsuite name="com.paloma.product_manager.domain.service.ProductDomainServiceTest" tests="6" skipped="0" failures="0" errors="0" timestamp="2024-07-02T17:57:13" hostname="DESKTOP-1G6E6NJ" time="0.781">
  <properties/>
  <testcase name="shouldThrowExceptionWhenProductDoesNotExists()" classname="com.paloma.product_manager.domain.service.ProductDomainServiceTest" time="0.706"/>
  <testcase name="shouldUpdateWithSuccessWhenProductExists()" classname="com.paloma.product_manager.domain.service.ProductDomainServiceTest" time="0.018"/>
  <testcase name="shouldNotUpdateWhenProductDoesNotExists()" classname="com.paloma.product_manager.domain.service.ProductDomainServiceTest" time="0.012"/>
  <testcase name="shouldDeleteWithSuccessWhenProductExists()" classname="com.paloma.product_manager.domain.service.ProductDomainServiceTest" time="0.012"/>
  <testcase name="shouldReturnOptionalEmptyWhenProductWithNameDoesNotExists()" classname="com.paloma.product_manager.domain.service.ProductDomainServiceTest" time="0.009"/>
  <testcase name="shouldThrowExceptionWhenDeleteAProductDoesNotExists()" classname="com.paloma.product_manager.domain.service.ProductDomainServiceTest" time="0.009"/>
  <system-out><![CDATA[]]></system-out>
  <system-err><![CDATA[]]></system-err>
</testsuite>
